[22:08:59] [warning] CC3D: Initialized Log
[22:08:59] [info] APP: Hello Crosa Conty 3D!
[22:08:59] [info] CC3D: Creating window CC3D Editor (1280, 720)
[22:09:00] [info] CC3D: OpenGL Info:
[22:09:00] [info] CC3D:   Vendor: NVIDIA Corporation
[22:09:00] [info] CC3D:   Renderer: GeForce GTX 1660 Ti/PCIe/SSE2
[22:09:00] [info] CC3D:   Version: 4.6.0 NVIDIA 462.31
[22:09:00] [info] CC3D:   GLSL_Version: 4.60 NVIDIA
[22:09:00] [error] CC3D: Failed to load image!: assets\textures\124.png
[22:09:00] [warning] APP: 2
[22:09:00] [warning] APP: 2
[22:09:00] [warning] APP: 2
[22:09:00] [warning] APP: 2
[22:09:00] [warning] APP: 2
[22:09:00] [warning] APP: 2
[22:09:00] [warning] APP: 2
[22:09:00] [warning] APP: 2
[22:09:00] [warning] APP: 2
[22:09:00] [warning] APP: 2
[22:09:00] [warning] APP: 2
[22:09:00] [warning] APP: 2
[22:09:00] [warning] APP: 2
[22:09:00] [warning] APP: 2
[22:09:00] [warning] APP: 2
[22:09:00] [warning] APP: 2
[22:09:00] [warning] APP: 2
[22:09:00] [warning] APP: 2
[22:09:00] [warning] APP: 2
[22:09:00] [warning] APP: 2
[22:09:00] [warning] APP: 2
[22:09:00] [warning] APP: 2
[22:09:00] [warning] APP: 2
[22:09:00] [warning] APP: 2
[22:09:00] [warning] APP: 2
[22:09:00] [warning] APP: 2
[22:09:00] [warning] APP: 2
[22:09:00] [warning] APP: 2
[22:09:00] [warning] APP: 2
[22:09:00] [warning] APP: 2
[22:09:00] [warning] APP: 2
[22:09:00] [warning] APP: 2
[22:09:00] [warning] APP: 2
[22:09:00] [warning] APP: 2
[22:09:00] [warning] APP: 2
[22:09:00] [warning] APP: 2
[22:09:00] [warning] APP: 2
[22:09:00] [warning] APP: 2
[22:09:00] [warning] APP: 2
[22:09:00] [warning] APP: 2
[22:09:00] [warning] APP: 2
[22:09:00] [warning] APP: 2
[22:09:00] [warning] APP: 2
[22:09:00] [warning] APP: 2
[22:09:00] [warning] APP: 2
[22:09:00] [warning] APP: 2
[22:09:00] [warning] APP: 2
[22:09:00] [warning] APP: 2
[22:09:00] [warning] APP: 2
[22:09:00] [warning] APP: 2
[22:09:00] [warning] APP: 2
[22:09:00] [warning] APP: 2
[22:09:00] [warning] APP: 2
[22:09:00] [warning] APP: 2
[22:09:00] [warning] APP: 2
[22:09:00] [warning] APP: 2
[22:09:00] [warning] APP: 2
[22:09:00] [warning] APP: 2
[22:09:00] [warning] APP: 2
[22:09:00] [warning] APP: 2
[22:09:00] [warning] APP: 2
[22:09:00] [warning] APP: 2
[22:09:00] [warning] APP: 2
[22:09:00] [warning] APP: 2
[22:09:00] [warning] APP: 2
[22:09:00] [warning] APP: 2
[22:09:00] [warning] APP: 2
[22:09:00] [warning] APP: 2
[22:09:00] [warning] APP: 2
[22:09:00] [warning] APP: 2
[22:09:00] [warning] APP: 2
[22:09:00] [warning] APP: 2
[22:09:00] [warning] APP: 2
[22:09:00] [warning] APP: 2
[22:09:00] [warning] APP: 2
[22:09:00] [warning] APP: 2
[22:09:00] [warning] APP: 2
[22:09:00] [warning] APP: 2
[22:09:00] [warning] APP: 2
[22:09:00] [warning] APP: 2
[22:09:00] [warning] APP: 2
[22:09:00] [warning] APP: 2
[22:09:00] [warning] APP: 2
[22:09:00] [warning] APP: 2
[22:09:00] [warning] APP: 2
[22:09:00] [warning] APP: 2
[22:09:00] [warning] APP: 2
[22:09:00] [warning] APP: 2
[22:09:00] [warning] APP: 2
[22:09:00] [warning] APP: 2
[22:09:00] [warning] APP: 2
[22:09:00] [warning] APP: 2
[22:09:00] [warning] APP: 2
[22:09:00] [warning] APP: 2
[22:09:00] [warning] APP: 2
[22:09:00] [warning] APP: 2
[22:09:00] [warning] APP: 2
[22:09:00] [warning] APP: 2
[22:09:00] [warning] APP: 2
[22:09:00] [warning] APP: 2
[22:09:00] [warning] APP: 2
[22:09:00] [warning] APP: 2
[22:09:00] [warning] APP: 2
[22:09:00] [warning] APP: 2
[22:09:00] [warning] APP: 2
[22:09:00] [warning] APP: 2
[22:09:00] [warning] APP: 2
[22:09:00] [warning] APP: 2
[22:09:00] [warning] APP: 2
[22:09:00] [warning] APP: 2
[22:09:00] [warning] APP: 2
[22:09:00] [warning] APP: 2
[22:09:00] [warning] APP: 2
[22:09:00] [warning] APP: 2
[22:09:01] [warning] APP: 2
[22:09:01] [warning] APP: 2
[22:09:01] [warning] APP: 2
[22:09:01] [warning] APP: 2
[22:09:01] [warning] APP: 2
[22:09:01] [warning] APP: 2
[22:09:01] [warning] APP: 2
[22:09:01] [warning] APP: 2
[22:09:01] [warning] APP: 2
[22:09:01] [warning] APP: 2
[22:09:01] [warning] APP: 2
[22:09:01] [warning] APP: 2
[22:09:01] [warning] APP: 2
[22:09:01] [warning] APP: 2
[22:09:01] [warning] APP: 2
[22:09:01] [warning] APP: 2
[22:09:01] [warning] APP: 2
[22:09:01] [warning] APP: 2
[22:09:01] [warning] APP: 2
[22:09:01] [warning] APP: 2
[22:09:01] [warning] APP: 2
[22:09:01] [warning] APP: 2
[22:09:01] [warning] APP: 2
[22:09:01] [warning] APP: 2
[22:09:01] [warning] APP: 2
[22:09:01] [warning] APP: 2
[22:09:01] [warning] APP: 2
[22:09:01] [warning] APP: 2
[22:09:01] [warning] APP: 2
[22:09:01] [warning] APP: 2
[22:09:01] [warning] APP: 2
[22:09:01] [warning] APP: 2
[22:09:01] [warning] APP: 2
[22:09:01] [warning] APP: 2
[22:09:01] [warning] APP: 2
[22:09:01] [warning] APP: 2
[22:09:01] [warning] APP: 2
[22:09:01] [warning] APP: 2
[22:09:01] [warning] APP: 2
[22:09:01] [warning] APP: 2
[22:09:01] [warning] APP: 2
[22:09:01] [warning] APP: 2
[22:09:01] [warning] APP: 2
[22:09:01] [warning] APP: 2
[22:09:01] [warning] APP: 2
[22:09:01] [warning] APP: 2
[22:09:01] [warning] APP: 2
[22:09:01] [warning] APP: 2
[22:09:01] [warning] APP: 2
[22:09:01] [warning] APP: 2
[22:09:01] [warning] APP: 2
[22:09:01] [warning] APP: 2
[22:09:01] [warning] APP: 2
[22:09:01] [warning] APP: 2
[22:09:01] [warning] APP: 2
[22:09:01] [warning] APP: 2
[22:09:01] [warning] APP: 2
[22:09:01] [warning] APP: 2
[22:09:01] [warning] APP: 2
[22:09:01] [warning] APP: 2
[22:09:01] [warning] APP: 2
[22:09:01] [warning] APP: 2
[22:09:01] [warning] APP: 2
[22:09:01] [warning] APP: 2
[22:09:01] [warning] APP: 2
[22:09:01] [warning] APP: 2
[22:09:01] [warning] APP: 2
[22:09:01] [warning] APP: 2
[22:09:01] [warning] APP: 2
[22:09:01] [warning] APP: 2
[22:09:01] [warning] APP: 2
[22:09:01] [warning] APP: 2
[22:09:01] [warning] APP: 2
[22:09:01] [warning] APP: 2
[22:09:01] [warning] APP: 2
[22:09:01] [warning] APP: 2
[22:09:01] [warning] APP: 2
[22:09:01] [warning] APP: 2
[22:09:01] [warning] APP: 2
[22:09:01] [warning] APP: 2
[22:09:01] [warning] APP: 2
[22:09:01] [warning] APP: 2
[22:09:01] [warning] APP: 2
[22:09:01] [warning] APP: 2
[22:09:01] [warning] APP: 2
[22:09:01] [warning] APP: 2
[22:09:01] [warning] APP: 2
[22:09:01] [warning] APP: 2
[22:09:01] [warning] APP: 2
[22:09:01] [warning] APP: 2
[22:09:01] [warning] APP: 2
[22:09:01] [warning] APP: 2
[22:09:01] [warning] APP: 2
[22:09:01] [warning] APP: 2
[22:09:01] [warning] APP: 2
[22:09:01] [warning] APP: 2
[22:09:01] [warning] APP: 2
[22:09:01] [warning] APP: 2
[22:09:01] [warning] APP: 2
[22:09:01] [warning] APP: 2
[22:09:01] [warning] APP: 2
[22:09:01] [warning] APP: 2
[22:09:01] [warning] APP: 2
[22:09:01] [warning] APP: 2
[22:09:01] [warning] APP: 2
[22:09:01] [warning] APP: 2
[22:09:01] [warning] APP: 2
[22:09:01] [warning] APP: 2
[22:09:01] [warning] APP: 2
[22:09:01] [warning] APP: 2
[22:09:01] [warning] APP: 2
[22:09:01] [warning] APP: 2
[22:09:01] [warning] APP: 2
[22:09:01] [warning] APP: 2
[22:09:01] [warning] APP: 2
[22:09:01] [warning] APP: 2
[22:09:01] [warning] APP: 2
[22:09:01] [warning] APP: 2
[22:09:01] [warning] APP: 2
[22:09:01] [warning] APP: 2
[22:09:01] [warning] APP: 2
[22:09:01] [warning] APP: 2
[22:09:01] [warning] APP: 2
[22:09:01] [warning] APP: 2
[22:09:01] [warning] APP: 2
[22:09:01] [warning] APP: 2
[22:09:01] [warning] APP: 2
[22:09:01] [warning] APP: 2
[22:09:01] [warning] APP: 2
[22:09:01] [warning] APP: 2
[22:09:01] [warning] APP: 2
[22:09:01] [warning] APP: 2
[22:09:01] [warning] APP: 2
[22:09:01] [warning] APP: 2
[22:09:01] [warning] APP: 2
[22:09:01] [warning] APP: 2
[22:09:01] [warning] APP: 2
[22:09:01] [warning] APP: 2
[22:09:01] [warning] APP: 2
[22:09:01] [warning] APP: 2
[22:09:01] [warning] APP: 2
[22:09:01] [warning] APP: 2
[22:09:01] [warning] APP: 2
[22:09:01] [warning] APP: 2
[22:09:01] [warning] APP: 2
[22:09:01] [warning] APP: 2
[22:09:01] [warning] APP: 2
[22:09:01] [warning] APP: 2
[22:09:01] [warning] APP: 2
[22:09:01] [warning] APP: 2
[22:09:01] [warning] APP: 2
[22:09:01] [warning] APP: 2
[22:09:01] [warning] APP: 2
[22:09:01] [warning] APP: 2
[22:09:01] [warning] APP: 2
[22:09:01] [warning] APP: 2
[22:09:01] [warning] APP: 2
[22:09:01] [warning] APP: 2
[22:09:01] [warning] APP: 2
[22:09:01] [warning] APP: 2
[22:09:01] [warning] APP: 2
[22:09:01] [warning] APP: 2
[22:09:01] [warning] APP: 2
[22:09:01] [warning] APP: 2
[22:09:01] [warning] APP: 2
[22:09:01] [warning] APP: 2
[22:09:01] [warning] APP: 2
[22:09:01] [warning] APP: 2
[22:09:01] [warning] APP: 2
[22:09:01] [warning] APP: 2
[22:09:01] [warning] APP: 2
[22:09:01] [warning] APP: 2
[22:09:01] [warning] APP: 2
[22:09:01] [warning] APP: 2
[22:09:01] [warning] APP: 2
[22:09:01] [warning] APP: 2
[22:09:01] [warning] APP: 2
[22:09:01] [warning] APP: 2
[22:09:01] [warning] APP: 2
[22:09:01] [warning] APP: 2
[22:09:01] [warning] APP: 2
[22:09:01] [warning] APP: 2
[22:09:01] [warning] APP: 2
[22:09:01] [warning] APP: 2
[22:09:01] [warning] APP: 2
[22:09:01] [warning] APP: 2
[22:09:01] [warning] APP: 2
[22:09:01] [warning] APP: 2
[22:09:01] [warning] APP: 2
[22:09:01] [warning] APP: 2
[22:09:01] [warning] APP: 2
[22:09:01] [warning] APP: 2
[22:09:01] [warning] APP: 2
[22:09:01] [warning] APP: 2
[22:09:01] [warning] APP: 2
[22:09:01] [warning] APP: 2
[22:09:01] [warning] APP: 2
[22:09:01] [warning] APP: 2
[22:09:01] [warning] APP: 2
[22:09:01] [warning] APP: 2
[22:09:01] [warning] APP: 2
[22:09:01] [warning] APP: 2
[22:09:01] [warning] APP: 2
[22:09:01] [warning] APP: 2
[22:09:01] [warning] APP: 2
[22:09:01] [warning] APP: 2
[22:09:01] [warning] APP: 2
[22:09:01] [warning] APP: 2
[22:09:01] [warning] APP: 2
[22:09:01] [warning] APP: 2
[22:09:01] [warning] APP: 2
[22:09:01] [warning] APP: 2
[22:09:01] [warning] APP: 2
[22:09:01] [warning] APP: 2
[22:09:01] [warning] APP: 2
[22:09:01] [warning] APP: 2
[22:09:01] [warning] APP: 2
[22:09:01] [warning] APP: 2
[22:09:01] [warning] APP: 2
[22:09:01] [warning] APP: 2
[22:09:01] [warning] APP: 2
